<?xml version="1.0" ?>
<!DOCTYPE coverage SYSTEM "http://cobertura.sourceforge.net/xml/coverage-04.dtd">
<coverage lines-valid="7" lines-covered="7" line-rate="1" branches-valid="6" branches-covered="5" branch-rate="0.8332999999999999" timestamp="1757347638642" complexity="0" version="0.1">
  <sources>
    <source>/jenkins_rs/mon-app-js</source>
  </sources>
  <packages>
    <package name="main" line-rate="1" branch-rate="0.8332999999999999">
      <classes>
        <class name="utils.js" filename="src/utils.js" line-rate="1" branch-rate="0.8332999999999999">
          <methods>
            <method name="addNumbers" hits="3" signature="()V">
              <lines>
                <line number="2" hits="3"/>
              </lines>
            </method>
            <method name="subtractNumbers" hits="3" signature="()V">
              <lines>
                <line number="6" hits="3"/>
              </lines>
            </method>
            <method name="multiplyNumbers" hits="3" signature="()V">
              <lines>
                <line number="10" hits="3"/>
              </lines>
            </method>
            <method name="divideNumbers" hits="3" signature="()V">
              <lines>
                <line number="14" hits="3"/>
              </lines>
            </method>
            <method name="isValidNumber" hits="6" signature="()V">
              <lines>
                <line number="19" hits="6"/>
              </lines>
            </method>
          </methods>
          <lines>
            <line number="3" hits="3" branch="false"/>
            <line number="7" hits="3" branch="false"/>
            <line number="11" hits="3" branch="false"/>
            <line number="15" hits="3" branch="false"/>
            <line number="20" hits="6" branch="true" condition-coverage="100% (2/2)"/>
            <line number="24" hits="1" branch="true" condition-coverage="75% (3/4)"/>
            <line number="25" hits="1" branch="false"/>
          </lines>
        </class>
      </classes>
    </package>
  </packages>
</coverage>
